[20:47:45] [Server thread/INFO]: Starting minecraft server version 1.12.2
[20:47:45] [Server thread/WARN]: To start the server with more ram, launch it as "java -Xmx1024M -Xms1024M -jar minecraft_server.jar"
[20:47:45] [Server thread/INFO]: Loading properties
[20:47:45] [Server thread/INFO]: Default game type: SURVIVAL
[20:47:45] [Server thread/INFO]: This server is running CraftBukkit version git-Spigot-9b8bba4-bdcc7c7 (MC: 1.12.2) (Implementing API version 1.12.2-R0.1-SNAPSHOT)
[20:47:45] [Server thread/INFO]: Debug logging is disabled
[20:47:45] [Server thread/INFO]: Server Ping Player Sample Count: 12
[20:47:45] [Server thread/INFO]: Using 4 threads for Netty based IO
[20:47:45] [Server thread/INFO]: Generating keypair
[20:47:46] [Server thread/INFO]: Starting Minecraft server on *:25565
[20:47:46] [Server thread/INFO]: Using default channel type
[20:47:46] [Server thread/INFO]: Set PluginClassLoader as parallel capable
[20:47:46] [Server thread/INFO]: [DreamIn] Loading DreamIn v1.0-SNAPSHOT
[20:47:46] [Server thread/INFO]: **** Beginning UUID conversion, this may take A LONG time ****
[20:47:46] [Server thread/INFO]: Preparing level "world"
[20:47:46] [Server thread/INFO]: -------- World Settings For [world] --------
[20:47:46] [Server thread/INFO]: Allow Zombie Pigmen to spawn from portal blocks: true
[20:47:46] [Server thread/INFO]: Item Despawn Rate: 6000
[20:47:46] [Server thread/INFO]: Item Merge Radius: 2.5
[20:47:46] [Server thread/INFO]: Arrow Despawn Rate: 1200
[20:47:46] [Server thread/INFO]: View Distance: 10
[20:47:46] [Server thread/INFO]: Zombie Aggressive Towards Villager: true
[20:47:46] [Server thread/INFO]: Experience Merge Radius: 3.0
[20:47:46] [Server thread/INFO]: Nerfing mobs spawned from spawners: false
[20:47:46] [Server thread/INFO]: Hopper Transfer: 8 Hopper Check: 1 Hopper Amount: 1
[20:47:46] [Server thread/INFO]: Custom Map Seeds:  Village: 10387312 Feature: 14357617 Monument: 10387313 Slime: 987234911
[20:47:46] [Server thread/INFO]: Mob Spawn Range: 4
[20:47:46] [Server thread/INFO]: Cactus Growth Modifier: 100%
[20:47:46] [Server thread/INFO]: Cane Growth Modifier: 100%
[20:47:46] [Server thread/INFO]: Melon Growth Modifier: 100%
[20:47:46] [Server thread/INFO]: Mushroom Growth Modifier: 100%
[20:47:46] [Server thread/INFO]: Pumpkin Growth Modifier: 100%
[20:47:46] [Server thread/INFO]: Sapling Growth Modifier: 100%
[20:47:46] [Server thread/INFO]: Wheat Growth Modifier: 100%
[20:47:46] [Server thread/INFO]: NetherWart Growth Modifier: 100%
[20:47:46] [Server thread/INFO]: Vine Growth Modifier: 100%
[20:47:46] [Server thread/INFO]: Cocoa Growth Modifier: 100%
[20:47:46] [Server thread/INFO]: Entity Activation Range: An 32 / Mo 32 / Mi 16
[20:47:46] [Server thread/INFO]: Entity Tracking Range: Pl 48 / An 48 / Mo 48 / Mi 32 / Other 64
[20:47:46] [Server thread/INFO]: Random Lighting Updates: false
[20:47:46] [Server thread/INFO]: Structure Info Saving: true
[20:47:46] [Server thread/INFO]: Max TNT Explosions: 100
[20:47:46] [Server thread/INFO]: Tile Max Tick Time: 50ms Entity max Tick Time: 50ms
[20:47:46] [Server thread/INFO]: -------- World Settings For [world_nether] --------
[20:47:46] [Server thread/INFO]: Allow Zombie Pigmen to spawn from portal blocks: true
[20:47:46] [Server thread/INFO]: Item Despawn Rate: 6000
[20:47:46] [Server thread/INFO]: Item Merge Radius: 2.5
[20:47:46] [Server thread/INFO]: Arrow Despawn Rate: 1200
[20:47:46] [Server thread/INFO]: View Distance: 10
[20:47:46] [Server thread/INFO]: Zombie Aggressive Towards Villager: true
[20:47:46] [Server thread/INFO]: Experience Merge Radius: 3.0
[20:47:46] [Server thread/INFO]: Nerfing mobs spawned from spawners: false
[20:47:46] [Server thread/INFO]: Hopper Transfer: 8 Hopper Check: 1 Hopper Amount: 1
[20:47:46] [Server thread/INFO]: Custom Map Seeds:  Village: 10387312 Feature: 14357617 Monument: 10387313 Slime: 987234911
[20:47:46] [Server thread/INFO]: Mob Spawn Range: 4
[20:47:46] [Server thread/INFO]: Cactus Growth Modifier: 100%
[20:47:46] [Server thread/INFO]: Cane Growth Modifier: 100%
[20:47:46] [Server thread/INFO]: Melon Growth Modifier: 100%
[20:47:46] [Server thread/INFO]: Mushroom Growth Modifier: 100%
[20:47:46] [Server thread/INFO]: Pumpkin Growth Modifier: 100%
[20:47:46] [Server thread/INFO]: Sapling Growth Modifier: 100%
[20:47:46] [Server thread/INFO]: Wheat Growth Modifier: 100%
[20:47:46] [Server thread/INFO]: NetherWart Growth Modifier: 100%
[20:47:46] [Server thread/INFO]: Vine Growth Modifier: 100%
[20:47:46] [Server thread/INFO]: Cocoa Growth Modifier: 100%
[20:47:46] [Server thread/INFO]: Entity Activation Range: An 32 / Mo 32 / Mi 16
[20:47:46] [Server thread/INFO]: Entity Tracking Range: Pl 48 / An 48 / Mo 48 / Mi 32 / Other 64
[20:47:46] [Server thread/INFO]: Random Lighting Updates: false
[20:47:46] [Server thread/INFO]: Structure Info Saving: true
[20:47:46] [Server thread/INFO]: Max TNT Explosions: 100
[20:47:46] [Server thread/INFO]: Tile Max Tick Time: 50ms Entity max Tick Time: 50ms
[20:47:46] [Server thread/INFO]: -------- World Settings For [world_the_end] --------
[20:47:46] [Server thread/INFO]: Allow Zombie Pigmen to spawn from portal blocks: true
[20:47:46] [Server thread/INFO]: Item Despawn Rate: 6000
[20:47:46] [Server thread/INFO]: Item Merge Radius: 2.5
[20:47:46] [Server thread/INFO]: Arrow Despawn Rate: 1200
[20:47:46] [Server thread/INFO]: View Distance: 10
[20:47:46] [Server thread/INFO]: Zombie Aggressive Towards Villager: true
[20:47:46] [Server thread/INFO]: Experience Merge Radius: 3.0
[20:47:46] [Server thread/INFO]: Nerfing mobs spawned from spawners: false
[20:47:46] [Server thread/INFO]: Hopper Transfer: 8 Hopper Check: 1 Hopper Amount: 1
[20:47:46] [Server thread/INFO]: Custom Map Seeds:  Village: 10387312 Feature: 14357617 Monument: 10387313 Slime: 987234911
[20:47:46] [Server thread/INFO]: Mob Spawn Range: 4
[20:47:46] [Server thread/INFO]: Cactus Growth Modifier: 100%
[20:47:46] [Server thread/INFO]: Cane Growth Modifier: 100%
[20:47:46] [Server thread/INFO]: Melon Growth Modifier: 100%
[20:47:46] [Server thread/INFO]: Mushroom Growth Modifier: 100%
[20:47:46] [Server thread/INFO]: Pumpkin Growth Modifier: 100%
[20:47:46] [Server thread/INFO]: Sapling Growth Modifier: 100%
[20:47:46] [Server thread/INFO]: Wheat Growth Modifier: 100%
[20:47:46] [Server thread/INFO]: NetherWart Growth Modifier: 100%
[20:47:46] [Server thread/INFO]: Vine Growth Modifier: 100%
[20:47:46] [Server thread/INFO]: Cocoa Growth Modifier: 100%
[20:47:46] [Server thread/INFO]: Entity Activation Range: An 32 / Mo 32 / Mi 16
[20:47:46] [Server thread/INFO]: Entity Tracking Range: Pl 48 / An 48 / Mo 48 / Mi 32 / Other 64
[20:47:46] [Server thread/INFO]: Random Lighting Updates: false
[20:47:46] [Server thread/INFO]: Structure Info Saving: true
[20:47:46] [Server thread/INFO]: Max TNT Explosions: 100
[20:47:46] [Server thread/INFO]: Tile Max Tick Time: 50ms Entity max Tick Time: 50ms
[20:47:46] [Server thread/INFO]: Preparing start region for level 0 (Seed: 5788392266393295166)
[20:47:47] [Server thread/INFO]: Preparing spawn area: 48%
[20:47:48] [Server thread/INFO]: Preparing start region for level 1 (Seed: 5788392266393295166)
[20:47:49] [Server thread/INFO]: Preparing spawn area: 52%
[20:47:50] [Server thread/INFO]: Preparing start region for level 2 (Seed: 5788392266393295166)
[20:47:50] [Server thread/INFO]: [DreamIn] Enabling DreamIn v1.0-SNAPSHOT
[20:47:50] [Server thread/INFO]: enable
[20:47:50] [Server thread/INFO]: Server permissions file permissions.yml is empty, ignoring it
[20:47:50] [Server thread/INFO]: Done (4.478s)! For help, type "help" or "?"
[20:47:55] [User Authenticator #1/INFO]: UUID of player Remilia_miao is 009ea717-88e6-4972-811d-e1553e6a1e42
[20:47:55] [Server thread/INFO]: Remilia_miao[/127.0.0.1:52081] logged in with entity id 123 at ([world]109.5, 66.0, 242.5)
[20:48:08] [Server thread/INFO]: Remilia_miao issued server command: /dream add 力量 1
[20:50:26] [Server thread/INFO]: Remilia_miao issued server command: /dream add 力量 100
[20:51:18] [Server thread/INFO]: Remilia_miao has made the advancement [Monster Hunter]
[20:51:38] [Server thread/INFO]: Remilia_miao issued server command: /dream add 力量 200
[20:52:22] [Server thread/INFO]: Remilia_miao lost connection: Disconnected
[20:52:23] [Server thread/INFO]: Remilia_miao left the game
